1670590903813	geckodriver	INFO	Listening on 127.0.0.1:50221
1670590906894	mozrunner::runner	INFO	Running command: "C:\\Program Files\\Mozilla Firefox\\firefox.exe" "--marionette" "--remote-debugging-port" "50222" "--remote-allow-hosts" "localhost" "-no-remote" "-profile" "C:\\Users\\ADMINI~1\\AppData\\Local\\Temp\\rust_mozprofileR1MSbW"
1670590908061	Marionette	INFO	Marionette enabled
console.warn: SearchSettings: "get: No settings file exists, new profile?" (new NotFoundError("Could not open the file at C:\\Users\\Administrator\\AppData\\Local\\Temp\\rust_mozprofileR1MSbW\\search.json.mozlz4", (void 0)))
DevTools listening on ws://localhost:50222/devtools/browser/a02f14fd-56ca-4e71-92d2-7c504071cb4e
1670590909976	Marionette	INFO	Listening on port 50230
1670590910081	Marionette	WARN	TLS certificate errors will be ignored for this session
1670590912582	Marionette	WARN	Ignoring event 'DOMContentLoaded' because document has an invalid readyState of 'complete'.
!!! error running onStopped callback: TypeError: callback is not a function
1670598686778	Marionette	INFO	Stopped listening on port 50230

###!!! [Child][RunMessage] Error: Channel closing: too late to send/recv, messages will be lost

1670598686798	RemoteAgent	ERROR	unable to stop listener: [Exception... "Component returned failure code: 0x8000ffff (NS_ERROR_UNEXPECTED) [nsIWindowMediator.getEnumerator]"  nsresult: "0x8000ffff (NS_ERROR_UNEXPECTED)"  location: "JS frame :: chrome://remote/content/cdp/observers/TargetObserver.jsm :: stop :: line 64"  data: no] Stack trace: stop()@TargetObserver.jsm:64
unwatchForTabs()@TargetList.jsm:70
unwatchForTargets()@TargetList.jsm:37
destructor()@TargetList.jsm:109
close()@RemoteAgent.jsm:136
on port 50528
1670591184454	Marionette	WARN	TLS certificate errors will be ignored for this session
1670591185616	Marionette	WARN	Ignoring event 'DOMContentLoaded' because document has an invalid readyState of 'complete'.
!!! error running onStopped callback: TypeError: callback is not a function
1670591973098	Marionette	INFO	Stopped listening on port 50528
1670591973119	RemoteAgent	ERROR	unable to stop listener: [Exception... "Component returned failure code: 0x8000ffff (NS_ERROR_UNEXPECTED) [nsIWindowMediator.getEnumerator]"  nsresult: "0x8000ffff (NS_ERROR_UNEXPECTED)"  location: "JS frame :: chrome://remote/content/cdp/observers/TargetObserver.jsm :: stop :: line 64"  data: no] Stack trace: stop()@TargetObserver.jsm:64
unwatchForTabs()@TargetList.jsm:70
unwatchForTargets()@TargetList.jsm:37
destructor()@TargetList.jsm:109
close()@RemoteAgent.jsm:136
:51286/devtools/browser/d4d9ebeb-e14d-449f-9482-44265cc5e670
1670591963347	Marionette	INFO	Listening on port 51293
1670591963867	Marionette	WARN	TLS certificate errors will be ignored for this session
1670591965117	Marionette	WARN	Ignoring event 'DOMContentLoaded' because document has an invalid readyState of 'complete'.
!!! error running onStopped callback: TypeError: callback is not a function
1670591975739	Marionette	INFO	Stopped listening on port 51293

###!!! [Child][RunMessage] Error: Channel closing: too late to send/recv, messages will be lost

1670591975815	RemoteAgent	ERROR	unable to stop listener: [Exception... "Component returned failure code: 0x8000ffff (NS_ERROR_UNEXPECTED) [nsIWindowMediator.getEnumerator]"  nsresult: "0x8000ffff (NS_ERROR_UNEXPECTED)"  location: "JS frame :: chrome://remote/content/cdp/observers/TargetObserver.jsm :: stop :: line 64"  data: no] Stack trace: stop()@TargetObserver.jsm:64
unwatchForTabs()@TargetList.jsm:70
unwatchForTargets()@TargetList.jsm:37
destructor()@TargetList.jsm:109
close()@RemoteAgent.jsm:136
1670592128647	geckodriver	INFO	Listening on 127.0.0.1:51482
1670592131698	mozrunner::runner	INFO	Running command: "C:\\Program Files\\Mozilla Firefox\\firefox.exe" "--marionette" "--remote-debugging-port" "51483" "--remote-allow-hosts" "localhost" "-no-remote" "-profile" "C:\\Users\\ADMINI~1\\AppData\\Local\\Temp\\rust_mozprofiled4fA5T"
1670592132328	Marionette	INFO	Marionette enabled
console.warn: SearchSettings: "get: No settings file exists, new profile?" (new NotFoundError("Could not open the file at C:\\Users\\Administrator\\AppData\\Local\\Temp\\rust_mozprofiled4fA5T\\search.json.mozlz4", (void 0)))
DevTools listening on ws://localhost:51483/devtools/browser/1fb52f27-7e61-4e90-908f-f444069cf0eb
1670592133812	Marionette	INFO	Listening on port 51492
1670592133857	Marionette	WARN	TLS certificate errors will be ignored for this session
1670592135041	Marionette	WARN	Ignoring event 'DOMContentLoaded' because document has an invalid readyState of 'complete'.
!!! error running onStopped callback: TypeError: callback is not a function
1670592585669	Marionette	INFO	Stopped listening on port 51492

###!!! [Child][RunMessage] Error: Channel closing: too late to send/recv, messages will be lost

1670592585687	RemoteAgent	ERROR	unable to stop listener: [Exception... "Component returned failure code: 0x8000ffff (NS_ERROR_UNEXPECTED) [nsIWindowMediator.getEnumerator]"  nsresult: "0x8000ffff (NS_ERROR_UNEXPECTED)"  location: "JS frame :: chrome://remote/content/cdp/observers/TargetObserver.jsm :: stop :: line 64"  data: no] Stack trace: stop()@TargetObserver.jsm:64
unwatchForTabs()@TargetList.jsm:70
unwatchForTargets()@TargetList.jsm:37
destructor()@TargetList.jsm:109
close()@RemoteAgent.jsm:136
on port 51756
1670592370665	Marionette	WARN	TLS certificate errors will be ignored for this session
1670592372148	Marionette	WARN	Ignoring event 'DOMContentLoaded' because document has an invalid readyState of 'complete'.
!!! error running onStopped callback: TypeError: callback is not a function
1670592380459	Marionette	INFO	Stopped listening on port 51756

###!!! [Child][RunMessage] Error: Channel closing: too late to send/recv, messages will be lost

1670592380544	RemoteAgent	ERROR	unable to stop listener: [Exception... "Component returned failure code: 0x8000ffff (NS_ERROR_UNEXPECTED) [nsIWindowMediator.getEnumerator]"  nsresult: "0x8000ffff (NS_ERROR_UNEXPECTED)"  location: "JS frame :: chrome://remote/content/cdp/observers/TargetObserver.jsm :: stop :: line 64"  data: no] Stack trace: stop()@TargetObserver.jsm:64
unwatchForTabs()@TargetList.jsm:70
unwatchForTargets()@TargetList.jsm:37
destructor()@TargetList.jsm:109
close()@RemoteAgent.jsm:136
1670592756465	geckodriver	INFO	Listening on 127.0.0.1:52146
1670592759540	mozrunner::runner	INFO	Running command: "C:\\Program Files\\Mozilla Firefox\\firefox.exe" "--marionette" "--remote-debugging-port" "52147" "--remote-allow-hosts" "localhost" "-no-remote" "-profile" "C:\\Users\\ADMINI~1\\AppData\\Local\\Temp\\rust_mozprofile2AuhMu"
1670592760121	Marionette	INFO	Marionette enabled
console.warn: SearchSettings: "get: No settings file exists, new profile?" (new NotFoundError("Could not open the file at C:\\Users\\Administrator\\AppData\\Local\\Temp\\rust_mozprofile2AuhMu\\search.json.mozlz4", (void 0)))
DevTools listening on ws://localhost:52147/devtools/browser/649171a7-37a1-4e58-a243-14a2ec7bc104
1670592761762	Marionette	INFO	Listening on port 52154
1670592762217	Marionette	WARN	TLS certificate errors will be ignored for this session
1670592763970	Marionette	WARN	Ignoring event 'DOMContentLoaded' because document has an invalid readyState of 'complete'.
1670592767818	Marionette	INFO	Stopped listening on port 52154
JavaScript error: resource://gre/modules/UrlClassifierListManager.jsm, line 691: TypeError: this.tablesData[table] is undefined
!!! error running onStopped callback: TypeError: callback is not a function

###!!! [Child][RunMessage] Error: Channel closing: too late to send/recv, messages will be lost

1670592768067	RemoteAgent	ERROR	unable to stop listener: [Exception... "Component returned failure code: 0x8000ffff (NS_ERROR_UNEXPECTED) [nsIWindowMediator.getEnumerator]"  nsresult: "0x8000ffff (NS_ERROR_UNEXPECTED)"  location: "JS frame :: chrome://remote/content/cdp/observers/TargetObserver.jsm :: stop :: line 64"  data: no] Stack trace: stop()@TargetObserver.jsm:64
unwatchForTabs()@TargetList.jsm:70
unwatchForTargets()@TargetList.jsm:37
destructor()@TargetList.jsm:109
close()@RemoteAgent.jsm:136
1670592875960	geckodriver	INFO	Listening on 127.0.0.1:52324
1670592879030	mozrunner::runner	INFO	Running command: "C:\\Program Files\\Mozilla Firefox\\firefox.exe" "--marionette" "--remote-debugging-port" "52325" "--remote-allow-hosts" "localhost" "-no-remote" "-profile" "C:\\Users\\ADMINI~1\\AppData\\Local\\Temp\\rust_mozprofileqJ4uKl"
1670592879614	Marionette	INFO	Marionette enabled
console.warn: SearchSettings: "get: No settings file exists, new profile?" (new NotFoundError("Could not open the file at C:\\Users\\Administrator\\AppData\\Local\\Temp\\rust_mozprofileqJ4uKl\\search.json.mozlz4", (void 0)))
DevTools listening on ws://localhost:52325/devtools/browser/25325c40-c5ce-4333-ad08-f1910ee06480
1670592881070	Marionette	INFO	Listening on port 52332
1670592881184	Marionette	WARN	TLS certificate errors will be ignored for this session
1670592882318	Marionette	WARN	Ignoring event 'DOMContentLoaded' because document has an invalid readyState of 'complete'.
1670592886800	Marionette	INFO	Stopped listening on port 52332
!!! error running onStopped callback: TypeError: callback is not a function

###!!! [Child][RunMessage] Error: Channel closing: too late to send/recv, messages will be lost

1670592887048	RemoteAgent	ERROR	unable to stop listener: [Exception... "Component returned failure code: 0x8000ffff (NS_ERROR_UNEXPECTED) [nsIWindowMediator.getEnumerator]"  nsresult: "0x8000ffff (NS_ERROR_UNEXPECTED)"  location: "JS frame :: chrome://remote/content/cdp/observers/TargetObserver.jsm :: stop :: line 64"  data: no] Stack trace: stop()@TargetObserver.jsm:64
unwatchForTabs()@TargetList.jsm:70
unwatchForTargets()@TargetList.jsm:37
destructor()@TargetList.jsm:109
close()@RemoteAgent.jsm:136
1670592909673	geckodriver	INFO	Listening on 127.0.0.1:52421
1670592912722	mozrunner::runner	INFO	Running command: "C:\\Program Files\\Mozilla Firefox\\firefox.exe" "--marionette" "--remote-debugging-port" "52422" "--remote-allow-hosts" "localhost" "-no-remote" "-profile" "C:\\Users\\ADMINI~1\\AppData\\Local\\Temp\\rust_mozprofilevm5VNC"
1670592913306	Marionette	INFO	Marionette enabled
console.warn: SearchSettings: "get: No settings file exists, new profile?" (new NotFoundError("Could not open the file at C:\\Users\\Administrator\\AppData\\Local\\Temp\\rust_mozprofilevm5VNC\\search.json.mozlz4", (void 0)))
DevTools listening on ws://localhost:52422/devtools/browser/ab636959-d6f0-4a09-bce0-5b73d1688270
1670592914693	Marionette	INFO	Listening on port 52431
1670592914768	Marionette	WARN	TLS certificate errors will be ignored for this session
1670592915749	Marionette	WARN	Ignoring event 'DOMContentLoaded' because document has an invalid readyState of 'complete'.
1670592920213	Marionette	INFO	Stopped listening on port 52431
!!! error running onStopped callback: TypeError: callback is not a function
1670592920451	RemoteAgent	ERROR	unable to stop listener: [Exception... "Component returned failure code: 0x8000ffff (NS_ERROR_UNEXPECTED) [nsIWindowMediator.getEnumerator]"  nsresult: "0x8000ffff (NS_ERROR_UNEXPECTED)"  location: "JS frame :: chrome://remote/content/cdp/observers/TargetObserver.jsm :: stop :: line 64"  data: no] Stack trace: stop()@TargetObserver.jsm:64
unwatchForTabs()@TargetList.jsm:70
unwatchForTargets()@TargetList.jsm:37
destructor()@TargetList.jsm:109
close()@RemoteAgent.jsm:136
1670593283131	geckodriver	INFO	Listening on 127.0.0.1:52796
1670593286257	mozrunner::runner	INFO	Running command: "C:\\Program Files\\Mozilla Firefox\\firefox.exe" "--marionette" "--remote-debugging-port" "52797" "--remote-allow-hosts" "localhost" "-no-remote" "-profile" "C:\\Users\\ADMINI~1\\AppData\\Local\\Temp\\rust_mozprofileo2o7E6"
1670593286843	Marionette	INFO	Marionette enabled
console.warn: SearchSettings: "get: No settings file exists, new profile?" (new NotFoundError("Could not open the file at C:\\Users\\Administrator\\AppData\\Local\\Temp\\rust_mozprofileo2o7E6\\search.json.mozlz4", (void 0)))
DevTools listening on ws://localhost:52797/devtools/browser/9f117431-a88f-4179-84e5-943aba0e756f
1670593288383	Marionette	INFO	Listening on port 52803
1670593288417	Marionette	WARN	TLS certificate errors will be ignored for this session
1670593290218	Marionette	WARN	Ignoring event 'DOMContentLoaded' because document has an invalid readyState of 'complete'.
!!! error running onStopped callback: TypeError: callback is not a function
1670593346941	Marionette	INFO	Stopped listening on port 52803

###!!! [Child][RunMessage] Error: Channel closing: too late to send/recv, messages will be lost

1670593347056	RemoteAgent	ERROR	unable to stop listener: [Exception... "Component returned failure code: 0x8000ffff (NS_ERROR_UNEXPECTED) [nsIWindowMediator.getEnumerator]"  nsresult: "0x8000ffff (NS_ERROR_UNEXPECTED)"  location: "JS frame :: chrome://remote/content/cdp/observers/TargetObserver.jsm :: stop :: line 64"  data: no] Stack trace: stop()@TargetObserver.jsm:64
unwatchForTabs()@TargetList.jsm:70
unwatchForTargets()@TargetList.jsm:37
destructor()@TargetList.jsm:109
close()@RemoteAgent.jsm:136
on port 52900
1670593335276	Marionette	WARN	TLS certificate errors will be ignored for this session
1670593336519	Marionette	WARN	Ignoring event 'DOMContentLoaded' because document has an invalid readyState of 'complete'.
!!! error running onStopped callback: TypeError: callback is not a function
1670593345281	Marionette	INFO	Stopped listening on port 52900

###!!! [Child][RunMessage] Error: Channel closing: too late to send/recv, messages will be lost

1670593345316	RemoteAgent	ERROR	unable to stop listener: [Exception... "Component returned failure code: 0x8000ffff (NS_ERROR_UNEXPECTED) [nsIWindowMediator.getEnumerator]"  nsresult: "0x8000ffff (NS_ERROR_UNEXPECTED)"  location: "JS frame :: chrome://remote/content/cdp/observers/TargetObserver.jsm :: stop :: line 64"  data: no] Stack trace: stop()@TargetObserver.jsm:64
unwatchForTabs()@TargetList.jsm:70
unwatchForTargets()@TargetList.jsm:37
destructor()@TargetList.jsm:109
close()@RemoteAgent.jsm:136
1670593378746	geckodriver	INFO	Listening on 127.0.0.1:52988
1670593381822	mozrunner::runner	INFO	Running command: "C:\\Program Files\\Mozilla Firefox\\firefox.exe" "--marionette" "--remote-debugging-port" "52989" "--remote-allow-hosts" "localhost" "-no-remote" "-profile" "C:\\Users\\ADMINI~1\\AppData\\Local\\Temp\\rust_mozprofileCNATCG"
1670593382411	Marionette	INFO	Marionette enabled
console.warn: SearchSettings: "get: No settings file exists, new profile?" (new NotFoundError("Could not open the file at C:\\Users\\Administrator\\AppData\\Local\\Temp\\rust_mozprofileCNATCG\\search.json.mozlz4", (void 0)))
DevTools listening on ws://localhost:52989/devtools/browser/c2ece96f-4347-46a7-bbaa-3fc206d30fb4
1670593384011	Marionette	INFO	Listening on port 52999
1670593384471	Marionette	WARN	TLS certificate errors will be ignored for this session
1670593385919	Marionette	WARN	Ignoring event 'DOMContentLoaded' because document has an invalid readyState of 'complete'.
!!! error running onStopped callback: TypeError: callback is not a function
1670593391691	Marionette	INFO	Stopped listening on port 52999

###!!! [Child][RunMessage] Error: Channel closing: too late to send/recv, messages will be lost

1670593391780	RemoteAgent	ERROR	unable to stop listener: [Exception... "Component returned failure code: 0x8000ffff (NS_ERROR_UNEXPECTED) [nsIWindowMediator.getEnumerator]"  nsresult: "0x8000ffff (NS_ERROR_UNEXPECTED)"  location: "JS frame :: chrome://remote/content/cdp/observers/TargetObserver.jsm :: stop :: line 64"  data: no] Stack trace: stop()@TargetObserver.jsm:64
unwatchForTabs()@TargetList.jsm:70
unwatchForTargets()@TargetList.jsm:37
destructor()@TargetList.jsm:109
close()@RemoteAgent.jsm:136
1670593416637	geckodriver	INFO	Listening on 127.0.0.1:53076
1670593419701	mozrunner::runner	INFO	Running command: "C:\\Program Files\\Mozilla Firefox\\firefox.exe" "--marionette" "--remote-debugging-port" "53077" "--remote-allow-hosts" "localhost" "-no-remote" "-profile" "C:\\Users\\ADMINI~1\\AppData\\Local\\Temp\\rust_mozprofileSU78Uk"
1670593420288	Marionette	INFO	Marionette enabled
console.warn: SearchSettings: "get: No settings file exists, new profile?" (new NotFoundError("Could not open the file at C:\\Users\\Administrator\\AppData\\Local\\Temp\\rust_mozprofileSU78Uk\\search.json.mozlz4", (void 0)))
DevTools listening on ws://localhost:53077/devtools/browser/47c46bc4-714c-4207-9fe3-d2ed0792e564
1670593421800	Marionette	INFO	Listening on port 53085
1670593421856	Marionette	WARN	TLS certificate errors will be ignored for this session
1670593422886	Marionette	WARN	Ignoring event 'DOMContentLoaded' because document has an invalid readyState of 'complete'.
!!! error running onStopped callback: TypeError: callback is not a function
1670593427363	Marionette	INFO	Stopped listening on port 53085

###!!! [Child][RunMessage] Error: Channel closing: too late to send/recv, messages will be lost

1670593427437	RemoteAgent	ERROR	unable to stop listener: [Exception... "Component returned failure code: 0x8000ffff (NS_ERROR_UNEXPECTED) [nsIWindowMediator.getEnumerator]"  nsresult: "0x8000ffff (NS_ERROR_UNEXPECTED)"  location: "JS frame :: chrome://remote/content/cdp/observers/TargetObserver.jsm :: stop :: line 64"  data: no] Stack trace: stop()@TargetObserver.jsm:64
unwatchForTabs()@TargetList.jsm:70
unwatchForTargets()@TargetList.jsm:37
destructor()@TargetList.jsm:109
close()@RemoteAgent.jsm:136
1670593483622	geckodriver	INFO	Listening on 127.0.0.1:53186
1670593486695	mozrunner::runner	INFO	Running command: "C:\\Program Files\\Mozilla Firefox\\firefox.exe" "--marionette" "--remote-debugging-port" "53187" "--remote-allow-hosts" "localhost" "-no-remote" "-profile" "C:\\Users\\ADMINI~1\\AppData\\Local\\Temp\\rust_mozprofile9S11hz"
1670593487285	Marionette	INFO	Marionette enabled
console.warn: SearchSettings: "get: No settings file exists, new profile?" (new NotFoundError("Could not open the file at C:\\Users\\Administrator\\AppData\\Local\\Temp\\rust_mozprofile9S11hz\\search.json.mozlz4", (void 0)))
DevTools listening on ws://localhost:53187/devtools/browser/018225de-a71e-4864-b855-3ae2a475b448
1670593488902	Marionette	INFO	Listening on port 53194
1670593489350	Marionette	WARN	TLS certificate errors will be ignored for this session
1670593490795	Marionette	WARN	Ignoring event 'DOMContentLoaded' because document has an invalid readyState of 'complete'.
!!! error running onStopped callback: TypeError: callback is not a function
1670593495227	Marionette	INFO	Stopped listening on port 53194

###!!! [Child][RunMessage] Error: Channel closing: too late to send/recv, messages will be lost

1670593495324	RemoteAgent	ERROR	unable to stop listener: [Exception... "Component returned failure code: 0x8000ffff (NS_ERROR_UNEXPECTED) [nsIWindowMediator.getEnumerator]"  nsresult: "0x8000ffff (NS_ERROR_UNEXPECTED)"  location: "JS frame :: chrome://remote/content/cdp/observers/TargetObserver.jsm :: stop :: line 64"  data: no] Stack trace: stop()@TargetObserver.jsm:64
unwatchForTabs()@TargetList.jsm:70
unwatchForTargets()@TargetList.jsm:37
destructor()@TargetList.jsm:109
close()@RemoteAgent.jsm:136
1670593522095	geckodriver	INFO	Listening on 127.0.0.1:53270
1670593525168	mozrunner::runner	INFO	Running command: "C:\\Program Files\\Mozilla Firefox\\firefox.exe" "--marionette" "--remote-debugging-port" "53271" "--remote-allow-hosts" "localhost" "-no-remote" "-profile" "C:\\Users\\ADMINI~1\\AppData\\Local\\Temp\\rust_mozprofileKtmCxl"
1670593525752	Marionette	INFO	Marionette enabled
console.warn: SearchSettings: "get: No settings file exists, new profile?" (new NotFoundError("Could not open the file at C:\\Users\\Administrator\\AppData\\Local\\Temp\\rust_mozprofileKtmCxl\\search.json.mozlz4", (void 0)))
DevTools listening on ws://localhost:53271/devtools/browser/63dc60d3-7b82-4f29-bb11-b522e6ec764b
1670593527250	Marionette	INFO	Listening on port 53277
1670593527331	Marionette	WARN	TLS certificate errors will be ignored for this session
1670593528601	Marionette	WARN	Ignoring event 'DOMContentLoaded' because document has an invalid readyState of 'complete'.
!!! error running onStopped callback: TypeError: callback is not a function
1670593532556	Marionette	INFO	Stopped listening on port 53277

###!!! [Child][RunMessage] Error: Channel closing: too late to send/recv, messages will be lost

1670593532653	RemoteAgent	ERROR	unable to stop listener: [Exception... "Component returned failure code: 0x8000ffff (NS_ERROR_UNEXPECTED) [nsIWindowMediator.getEnumerator]"  nsresult: "0x8000ffff (NS_ERROR_UNEXPECTED)"  location: "JS frame :: chrome://remote/content/cdp/observers/TargetObserver.jsm :: stop :: line 64"  data: no] Stack trace: stop()@TargetObserver.jsm:64
unwatchForTabs()@TargetList.jsm:70
unwatchForTargets()@TargetList.jsm:37
destructor()@TargetList.jsm:109
close()@RemoteAgent.jsm:136
1670593564538	geckodriver	INFO	Listening on 127.0.0.1:53361
1670593567609	mozrunner::runner	INFO	Running command: "C:\\Program Files\\Mozilla Firefox\\firefox.exe" "--marionette" "--remote-debugging-port" "53362" "--remote-allow-hosts" "localhost" "-no-remote" "-profile" "C:\\Users\\ADMINI~1\\AppData\\Local\\Temp\\rust_mozprofileFgrL3R"
1670593568199	Marionette	INFO	Marionette enabled
console.warn: SearchSettings: "get: No settings file exists, new profile?" (new NotFoundError("Could not open the file at C:\\Users\\Administrator\\AppData\\Local\\Temp\\rust_mozprofileFgrL3R\\search.json.mozlz4", (void 0)))
DevTools listening on ws://localhost:53362/devtools/browser/21d3235c-5120-4f64-a99b-20e3a322f4d7
1670593569787	Marionette	INFO	Listening on port 53368
1670593570268	Marionette	WARN	TLS certificate errors will be ignored for this session
1670593571645	Marionette	WARN	Ignoring event 'DOMContentLoaded' because document has an invalid readyState of 'complete'.
!!! error running onStopped callback: TypeError: callback is not a function
1670593590851	Marionette	INFO	Stopped listening on port 53368

###!!! [Child][RunMessage] Error: Channel closing: too late to send/recv, messages will be lost

1670593590941	RemoteAgent	ERROR	unable to stop listener: [Exception... "Component returned failure code: 0x8000ffff (NS_ERROR_UNEXPECTED) [nsIWindowMediator.getEnumerator]"  nsresult: "0x8000ffff (NS_ERROR_UNEXPECTED)"  location: "JS frame :: chrome://remote/content/cdp/observers/TargetObserver.jsm :: stop :: line 64"  data: no] Stack trace: stop()@TargetObserver.jsm:64
unwatchForTabs()@TargetList.jsm:70
unwatchForTargets()@TargetList.jsm:37
destructor()@TargetList.jsm:109
close()@RemoteAgent.jsm:136
1670593645109	geckodriver	INFO	Listening on 127.0.0.1:53495
1670593648183	mozrunner::runner	INFO	Running command: "C:\\Program Files\\Mozilla Firefox\\firefox.exe" "--marionette" "--remote-debugging-port" "53496" "--remote-allow-hosts" "localhost" "-no-remote" "-profile" "C:\\Users\\ADMINI~1\\AppData\\Local\\Temp\\rust_mozprofilepJgW5M"
1670593648768	Marionette	INFO	Marionette enabled
console.warn: SearchSettings: "get: No settings file exists, new profile?" (new NotFoundError("Could not open the file at C:\\Users\\Administrator\\AppData\\Local\\Temp\\rust_mozprofilepJgW5M\\search.json.mozlz4", (void 0)))
DevTools listening on ws://localhost:53496/devtools/browser/efdcc2c0-55b0-4dec-bd5f-5b2215c9b729
1670593650413	Marionette	INFO	Listening on port 53502
1670593650838	Marionette	WARN	TLS certificate errors will be ignored for this session
1670593651985	Marionette	WARN	Ignoring event 'DOMContentLoaded' because document has an invalid readyState of 'complete'.
!!! error running onStopped callback: TypeError: callback is not a function
1670593667043	Marionette	INFO	Stopped listening on port 53502

###!!! [Child][RunMessage] Error: Channel closing: too late to send/recv, messages will be lost

1670593667121	RemoteAgent	ERROR	unable to stop listener: [Exception... "Component returned failure code: 0x8000ffff (NS_ERROR_UNEXPECTED) [nsIWindowMediator.getEnumerator]"  nsresult: "0x8000ffff (NS_ERROR_UNEXPECTED)"  location: "JS frame :: chrome://remote/content/cdp/observers/TargetObserver.jsm :: stop :: line 64"  data: no] Stack trace: stop()@TargetObserver.jsm:64
unwatchForTabs()@TargetList.jsm:70
unwatchForTargets()@TargetList.jsm:37
destructor()@TargetList.jsm:109
close()@RemoteAgent.jsm:136
1670593857185	geckodriver	INFO	Listening on 127.0.0.1:53747
1670593860449	mozrunner::runner	INFO	Running command: "C:\\Program Files\\Mozilla Firefox\\firefox.exe" "--marionette" "--remote-debugging-port" "53748" "--remote-allow-hosts" "localhost" "-no-remote" "-profile" "C:\\Users\\ADMINI~1\\AppData\\Local\\Temp\\rust_mozprofileFMLUiV"
1670593861038	Marionette	INFO	Marionette enabled
console.warn: SearchSettings: "get: No settings file exists, new profile?" (new NotFoundError("Could not open the file at C:\\Users\\Administrator\\AppData\\Local\\Temp\\rust_mozprofileFMLUiV\\search.json.mozlz4", (void 0)))
DevTools listening on ws://localhost:53748/devtools/browser/2de26ef8-b2d8-4fa9-b580-16eb63478690
1670593862694	Marionette	INFO	Listening on port 53755
1670593863111	Marionette	WARN	TLS certificate errors will be ignored for this session
1670593864319	Marionette	WARN	Ignoring event 'DOMContentLoaded' because document has an invalid readyState of 'complete'.
1670593868601	Marionette	INFO	Stopped listening on port 53755
JavaScript error: resource://gre/modules/UrlClassifierListManager.jsm, line 691: TypeError: this.tablesData[table] is undefined
!!! error running onStopped callback: TypeError: callback is not a function

###!!! [Child][RunMessage] Error: Channel closing: too late to send/recv, messages will be lost

1670593868836	RemoteAgent	ERROR	unable to stop listener: [Exception... "Component returned failure code: 0x8000ffff (NS_ERROR_UNEXPECTED) [nsIWindowMediator.getEnumerator]"  nsresult: "0x8000ffff (NS_ERROR_UNEXPECTED)"  location: "JS frame :: chrome://remote/content/cdp/observers/TargetObserver.jsm :: stop :: line 64"  data: no] Stack trace: stop()@TargetObserver.jsm:64
unwatchForTabs()@TargetList.jsm:70
unwatchForTargets()@TargetList.jsm:37
destructor()@TargetList.jsm:109
close()@RemoteAgent.jsm:136
1670594253204	geckodriver	INFO	Listening on 127.0.0.1:54139
1670594256274	mozrunner::runner	INFO	Running command: "C:\\Program Files\\Mozilla Firefox\\firefox.exe" "--marionette" "--remote-debugging-port" "54140" "--remote-allow-hosts" "localhost" "-no-remote" "-profile" "C:\\Users\\ADMINI~1\\AppData\\Local\\Temp\\rust_mozprofileAXI0lE"
1670594256860	Marionette	INFO	Marionette enabled
console.warn: SearchSettings: "get: No settings file exists, new profile?" (new NotFoundError("Could not open the file at C:\\Users\\Administrator\\AppData\\Local\\Temp\\rust_mozprofileAXI0lE\\search.json.mozlz4", (void 0)))
DevTools listening on ws://localhost:54140/devtools/browser/3dcdf84c-87d0-4908-b5e6-2290aef68409
1670594258371	Marionette	INFO	Listening on port 54147
1670594258436	Marionette	WARN	TLS certificate errors will be ignored for this session
1670594259811	Marionette	WARN	Ignoring event 'DOMContentLoaded' because document has an invalid readyState of 'complete'.
1670594264190	Marionette	INFO	Stopped listening on port 54147
!!! error running onStopped callback: TypeError: callback is not a function

###!!! [Child][RunMessage] Error: Channel closing: too late to send/recv, messages will be lost

1670594264424	RemoteAgent	ERROR	unable to stop listener: [Exception... "Component returned failure code: 0x8000ffff (NS_ERROR_UNEXPECTED) [nsIWindowMediator.getEnumerator]"  nsresult: "0x8000ffff (NS_ERROR_UNEXPECTED)"  location: "JS frame :: chrome://remote/content/cdp/observers/TargetObserver.jsm :: stop :: line 64"  data: no] Stack trace: stop()@TargetObserver.jsm:64
unwatchForTabs()@TargetList.jsm:70
unwatchForTargets()@TargetList.jsm:37
destructor()@TargetList.jsm:109
close()@RemoteAgent.jsm:136
